This file contains any messages produced by compilers while
running configure, to aid debugging if configure makes a mistake.

It was created by mjpegtools configure 2.0.1, which was
generated by GNU Autoconf 2.69.  Invocation command line was

  $ ./configure 

## --------- ##
## Platform. ##
## --------- ##

hostname = shadowlord
uname -m = x86_64
uname -r = 3.4.11-2.16-desktop
uname -s = Linux
uname -v = #1 SMP PREEMPT Wed Sep 26 17:05:00 UTC 2012 (259fc87)

/usr/bin/uname -p = x86_64
/bin/uname -X     = unknown

/bin/arch              = x86_64
/usr/bin/arch -k       = unknown
/usr/convex/getsysinfo = unknown
/usr/bin/hostinfo      = unknown
/bin/machine           = unknown
/usr/bin/oslevel       = unknown
/bin/universe          = unknown

PATH: /inbound/fastmpeg/bin
PATH: /inbound/fastmpeg
PATH: /inbound/fastmpeg/bin
PATH: /inbound/fastmpeg
PATH: /home/bernhard/bin
PATH: /usr/local/bin
PATH: /usr/bin
PATH: /bin
PATH: /usr/bin/X11
PATH: /usr/X11R6/bin
PATH: /usr/games
PATH: /usr/lib/mit/bin
PATH: /usr/lib/mit/sbin


## ----------- ##
## Core tests. ##
## ----------- ##

configure:2388: loading site script /usr/share/site/x86_64-unknown-linux-gnu
| #!/bin/sh
| # Site script for configure. It is resourced via $CONFIG_SITE environment varaible.
| 
| # If user did not specify libdir, guess the correct target:
| # Use lib64 for 64 bit bi-arch targets, keep the default for the rest.
| if test "$libdir" = '${exec_prefix}/lib' ; then
| 
| 	ac_config_site_64bit_host=NONE
| 
| 	case "$host" in
| 	"" )
| 		# User did not specify host target.
| 		# The native platform x86_64 is a bi-arch platform.
| 		# Try to detect cross-compilation to inferior architecture.
| 
| 		# We are trying to guess 32-bit target compilation. It's not as easy as
| 		# it sounds, as there is possible several intermediate combinations.
| 		ac_config_site_cross_to_32bit_host=NONE
| 
| 		# User defined -m32 in CFLAGS or CXXFLAGS:
| 		# (It's sufficient for 32-bit, but alone may cause mis-behavior of some checks.)
| 		case "$CFLAGS" in
| 		*-m32*)
| 			ac_config_site_cross_to_32bit_host=YES
| 			;;
| 		esac
| 		case "$CXXFLAGS" in
| 		*-m32*)
| 			ac_config_site_cross_to_32bit_host=YES
| 			;;
| 		esac
| 
| 		# Running with linux32:
| 		# (Changes detected platform, but not the toolchain target.)
| 		case "`/bin/uname -i`" in
| 		x86_64 | ppc64 | s390x )
| 			;;
| 		* )
| 			ac_config_site_cross_to_32bit_host=YES
| 			;;
| 		esac
| 
| 		if test "x$ac_config_site_cross_to_32bit_host" = xNONE; then
| 			ac_config_site_64bit_host=YES
| 		fi
| 
| 		;;
| 	*x86_64* | *ppc64* | *s390x* )
| 		ac_config_site_64bit_host=YES
| 		;;
| 	esac
| 
| 	if test "x$ac_config_site_64bit_host" = xYES; then
| 		libdir='${exec_prefix}/lib64'
| 	fi
| fi
| 
| # If user did not specify libexecdir, set the correct target:
| # Nor FHS nor openSUSE allow prefix/libexec. Let's default to prefix/lib.
| 
| if test "$libexecdir" = '${exec_prefix}/libexec' ; then
| 	libexecdir='${exec_prefix}/lib'
| fi
| 
| # Continue with the standard behavior of configure defined in AC_SITE_LOAD:
| if test "x$prefix" != xNONE; then
| 	ac_site_file1=$prefix/share/config.site
| 	ac_site_file2=$prefix/etc/config.site
| else
| 	ac_site_file1=$ac_default_prefix/share/config.site
| 	ac_site_file2=$ac_default_prefix/etc/config.site
| fi
| for ac_site_file in "$ac_site_file1" "$ac_site_file2"
| do
| 	test "x$ac_site_file" = xNONE && continue
| 	if test /dev/null != "$ac_site_file" && test -r "$ac_site_file"; then
| 		{ $as_echo "/usr/share/site/x86_64-unknown-linux-gnu:${as_lineno-$LINENO}: loading site script $ac_site_file" >&5
| $as_echo "/usr/share/site/x86_64-unknown-linux-gnu: loading site script $ac_site_file" >&6;}
| 		sed 's/^/| /' "$ac_site_file" >&5
| 		. "$ac_site_file" \
| 			|| { { $as_echo "/usr/share/site/x86_64-unknown-linux-gnu:${as_lineno-$LINENO}: error: in \`$ac_pwd':" >&5
| $as_echo "/usr/share/site/x86_64-unknown-linux-gnu: error: in \`$ac_pwd':" >&2;}
| as_fn_error $? "failed to load site script $ac_site_file
| See \`config.log' for more details" "$LINENO" 5; }
| 	fi
| done
configure:2528: checking build system type
configure:2542: result: x86_64-suse-linux-gnu
configure:2562: checking host system type
configure:2575: result: x86_64-suse-linux-gnu
configure:2611: checking for a BSD-compatible install
configure:2679: result: /usr/bin/install -c
configure:2690: checking whether build environment is sane
configure:2745: result: yes
configure:2896: checking for a thread-safe mkdir -p
configure:2935: result: /usr/bin/mkdir -p
configure:2942: checking for gawk
configure:2958: found /usr/bin/gawk
configure:2969: result: gawk
configure:2980: checking whether make sets $(MAKE)
configure:3002: result: yes
configure:3084: checking whether to enable maintainer-specific portions of Makefiles
configure:3093: result: no
configure:3214: checking for style of include used by make
configure:3242: result: GNU
configure:3313: checking for gcc
configure:3329: found /usr/bin/gcc
configure:3340: result: gcc
configure:3569: checking for C compiler version
configure:3578: gcc --version >&5
gcc (SUSE Linux) 4.7.1 20120723 [gcc-4_7-branch revision 189773]
Copyright (C) 2012 Free Software Foundation, Inc.
This is free software; see the source for copying conditions.  There is NO
warranty; not even for MERCHANTABILITY or FITNESS FOR A PARTICULAR PURPOSE.

configure:3589: $? = 0
configure:3578: gcc -v >&5
Using built-in specs.
COLLECT_GCC=gcc
COLLECT_LTO_WRAPPER=/usr/lib64/gcc/x86_64-suse-linux/4.7/lto-wrapper
Target: x86_64-suse-linux
Configured with: ../configure --prefix=/usr --infodir=/usr/share/info --mandir=/usr/share/man --libdir=/usr/lib64 --libexecdir=/usr/lib64 --enable-languages=c,c++,objc,fortran,obj-c++,java,ada --enable-checking=release --with-gxx-include-dir=/usr/include/c++/4.7 --enable-ssp --disable-libssp --disable-libitm --disable-plugin --with-bugurl=http://bugs.opensuse.org/ --with-pkgversion='SUSE Linux' --disable-libgcj --disable-libmudflap --with-slibdir=/lib64 --with-system-zlib --enable-__cxa_atexit --enable-libstdcxx-allocator=new --disable-libstdcxx-pch --enable-version-specific-runtime-libs --enable-linker-build-id --program-suffix=-4.7 --enable-linux-futex --without-system-libunwind --with-arch-32=i586 --with-tune=generic --build=x86_64-suse-linux
Thread model: posix
gcc version 4.7.1 20120723 [gcc-4_7-branch revision 189773] (SUSE Linux) 
configure:3589: $? = 0
configure:3578: gcc -V >&5
gcc: error: unrecognized command line option '-V'
gcc: fatal error: no input files
compilation terminated.
configure:3589: $? = 1
configure:3578: gcc -qversion >&5
gcc: error: unrecognized command line option '-qversion'
gcc: fatal error: no input files
compilation terminated.
configure:3589: $? = 1
configure:3609: checking whether the C compiler works
configure:3631: gcc    conftest.c  >&5
configure:3635: $? = 0
configure:3683: result: yes
configure:3686: checking for C compiler default output file name
configure:3688: result: a.out
configure:3694: checking for suffix of executables
configure:3701: gcc -o conftest    conftest.c  >&5
configure:3705: $? = 0
configure:3727: result: 
configure:3749: checking whether we are cross compiling
configure:3757: gcc -o conftest    conftest.c  >&5
configure:3761: $? = 0
configure:3768: ./conftest
configure:3772: $? = 0
configure:3787: result: no
configure:3792: checking for suffix of object files
configure:3814: gcc -c   conftest.c >&5
configure:3818: $? = 0
configure:3839: result: o
configure:3843: checking whether we are using the GNU C compiler
configure:3862: gcc -c   conftest.c >&5
configure:3862: $? = 0
configure:3871: result: yes
configure:3880: checking whether gcc accepts -g
configure:3900: gcc -c -g  conftest.c >&5
configure:3900: $? = 0
configure:3941: result: yes
configure:3958: checking for gcc option to accept ISO C89
configure:4021: gcc  -c -g -O2  conftest.c >&5
configure:4021: $? = 0
configure:4034: result: none needed
configure:4056: checking dependency style of gcc
configure:4167: result: gcc3
configure:4188: checking how to run the C preprocessor
configure:4219: gcc -E  conftest.c
configure:4219: $? = 0
configure:4233: gcc -E  conftest.c
conftest.c:11:28: fatal error: ac_nonexistent.h: No such file or directory
compilation terminated.
configure:4233: $? = 1
configure: failed program was:
| /* confdefs.h */
| #define PACKAGE_NAME "mjpegtools"
| #define PACKAGE_TARNAME "mjpegtools"
| #define PACKAGE_VERSION "2.0.1"
| #define PACKAGE_STRING "mjpegtools 2.0.1"
| #define PACKAGE_BUGREPORT "mjpeg-developer@lists.sourceforge.net"
| #define PACKAGE_URL ""
| #define PACKAGE "mjpegtools"
| #define VERSION "2.0.1"
| /* end confdefs.h.  */
| #include <ac_nonexistent.h>
configure:4258: result: gcc -E
configure:4278: gcc -E  conftest.c
configure:4278: $? = 0
configure:4292: gcc -E  conftest.c
conftest.c:11:28: fatal error: ac_nonexistent.h: No such file or directory
compilation terminated.
configure:4292: $? = 1
configure: failed program was:
| /* confdefs.h */
| #define PACKAGE_NAME "mjpegtools"
| #define PACKAGE_TARNAME "mjpegtools"
| #define PACKAGE_VERSION "2.0.1"
| #define PACKAGE_STRING "mjpegtools 2.0.1"
| #define PACKAGE_BUGREPORT "mjpeg-developer@lists.sourceforge.net"
| #define PACKAGE_URL ""
| #define PACKAGE "mjpegtools"
| #define VERSION "2.0.1"
| /* end confdefs.h.  */
| #include <ac_nonexistent.h>
configure:4321: checking for grep that handles long lines and -e
configure:4379: result: /usr/bin/grep
configure:4384: checking for egrep
configure:4446: result: /usr/bin/grep -E
configure:4451: checking for ANSI C header files
configure:4471: gcc -c -g -O2  conftest.c >&5
configure:4471: $? = 0
configure:4544: gcc -o conftest -g -O2   conftest.c  >&5
configure:4544: $? = 0
configure:4544: ./conftest
configure:4544: $? = 0
configure:4555: result: yes
configure:4568: checking for sys/types.h
configure:4568: gcc -c -g -O2  conftest.c >&5
configure:4568: $? = 0
configure:4568: result: yes
configure:4568: checking for sys/stat.h
configure:4568: gcc -c -g -O2  conftest.c >&5
configure:4568: $? = 0
configure:4568: result: yes
configure:4568: checking for stdlib.h
configure:4568: gcc -c -g -O2  conftest.c >&5
configure:4568: $? = 0
configure:4568: result: yes
configure:4568: checking for string.h
configure:4568: gcc -c -g -O2  conftest.c >&5
configure:4568: $? = 0
configure:4568: result: yes
configure:4568: checking for memory.h
configure:4568: gcc -c -g -O2  conftest.c >&5
configure:4568: $? = 0
configure:4568: result: yes
configure:4568: checking for strings.h
configure:4568: gcc -c -g -O2  conftest.c >&5
configure:4568: $? = 0
configure:4568: result: yes
configure:4568: checking for inttypes.h
configure:4568: gcc -c -g -O2  conftest.c >&5
configure:4568: $? = 0
configure:4568: result: yes
configure:4568: checking for stdint.h
configure:4568: gcc -c -g -O2  conftest.c >&5
configure:4568: $? = 0
configure:4568: result: yes
configure:4568: checking for unistd.h
configure:4568: gcc -c -g -O2  conftest.c >&5
configure:4568: $? = 0
configure:4568: result: yes
configure:4581: checking minix/config.h usability
configure:4581: gcc -c -g -O2  conftest.c >&5
conftest.c:54:26: fatal error: minix/config.h: No such file or directory
compilation terminated.
configure:4581: $? = 1
configure: failed program was:
| /* confdefs.h */
| #define PACKAGE_NAME "mjpegtools"
| #define PACKAGE_TARNAME "mjpegtools"
| #define PACKAGE_VERSION "2.0.1"
| #define PACKAGE_STRING "mjpegtools 2.0.1"
| #define PACKAGE_BUGREPORT "mjpeg-developer@lists.sourceforge.net"
| #define PACKAGE_URL ""
| #define PACKAGE "mjpegtools"
| #define VERSION "2.0.1"
| #define STDC_HEADERS 1
| #define HAVE_SYS_TYPES_H 1
| #define HAVE_SYS_STAT_H 1
| #define HAVE_STDLIB_H 1
| #define HAVE_STRING_H 1
| #define HAVE_MEMORY_H 1
| #define HAVE_STRINGS_H 1
| #define HAVE_INTTYPES_H 1
| #define HAVE_STDINT_H 1
| #define HAVE_UNISTD_H 1
| /* end confdefs.h.  */
| #include <stdio.h>
| #ifdef HAVE_SYS_TYPES_H
| # include <sys/types.h>
| #endif
| #ifdef HAVE_SYS_STAT_H
| # include <sys/stat.h>
| #endif
| #ifdef STDC_HEADERS
| # include <stdlib.h>
| # include <stddef.h>
| #else
| # ifdef HAVE_STDLIB_H
| #  include <stdlib.h>
| # endif
| #endif
| #ifdef HAVE_STRING_H
| # if !defined STDC_HEADERS && defined HAVE_MEMORY_H
| #  include <memory.h>
| # endif
| # include <string.h>
| #endif
| #ifdef HAVE_STRINGS_H
| # include <strings.h>
| #endif
| #ifdef HAVE_INTTYPES_H
| # include <inttypes.h>
| #endif
| #ifdef HAVE_STDINT_H
| # include <stdint.h>
| #endif
| #ifdef HAVE_UNISTD_H
| # include <unistd.h>
| #endif
| #include <minix/config.h>
configure:4581: result: no
configure:4581: checking minix/config.h presence
configure:4581: gcc -E  conftest.c
conftest.c:21:26: fatal error: minix/config.h: No such file or directory
compilation terminated.
configure:4581: $? = 1
configure: failed program was:
| /* confdefs.h */
| #define PACKAGE_NAME "mjpegtools"
| #define PACKAGE_TARNAME "mjpegtools"
| #define PACKAGE_VERSION "2.0.1"
| #define PACKAGE_STRING "mjpegtools 2.0.1"
| #define PACKAGE_BUGREPORT "mjpeg-developer@lists.sourceforge.net"
| #define PACKAGE_URL ""
| #define PACKAGE "mjpegtools"
| #define VERSION "2.0.1"
| #define STDC_HEADERS 1
| #define HAVE_SYS_TYPES_H 1
| #define HAVE_SYS_STAT_H 1
| #define HAVE_STDLIB_H 1
| #define HAVE_STRING_H 1
| #define HAVE_MEMORY_H 1
| #define HAVE_STRINGS_H 1
| #define HAVE_INTTYPES_H 1
| #define HAVE_STDINT_H 1
| #define HAVE_UNISTD_H 1
| /* end confdefs.h.  */
| #include <minix/config.h>
configure:4581: result: no
configure:4581: checking for minix/config.h
configure:4581: result: no
configure:4602: checking whether it is safe to define __EXTENSIONS__
configure:4620: gcc -c -g -O2  conftest.c >&5
configure:4620: $? = 0
configure:4627: result: yes
configure:4689: checking how to print strings
configure:4716: result: printf
configure:4737: checking for a sed that does not truncate output
configure:4801: result: /usr/bin/sed
configure:4819: checking for fgrep
configure:4881: result: /usr/bin/grep -F
configure:4916: checking for ld used by gcc
configure:4983: result: /usr/x86_64-suse-linux/bin/ld
configure:4990: checking if the linker (/usr/x86_64-suse-linux/bin/ld) is GNU ld
configure:5005: result: yes
configure:5017: checking for BSD- or MS-compatible name lister (nm)
configure:5066: result: /usr/bin/nm -B
configure:5196: checking the name lister (/usr/bin/nm -B) interface
configure:5203: gcc -c -g -O2  conftest.c >&5
configure:5206: /usr/bin/nm -B "conftest.o"
configure:5209: output
0000000000000000 B some_variable
configure:5216: result: BSD nm
configure:5219: checking whether ln -s works
configure:5223: result: yes
configure:5231: checking the maximum length of command line arguments
configure:5361: result: 1572864
configure:5378: checking whether the shell understands some XSI constructs
configure:5388: result: yes
configure:5392: checking whether the shell understands "+="
configure:5398: result: yes
configure:5433: checking how to convert x86_64-suse-linux-gnu file names to x86_64-suse-linux-gnu format
configure:5473: result: func_convert_file_noop
configure:5480: checking how to convert x86_64-suse-linux-gnu file names to toolchain format
configure:5500: result: func_convert_file_noop
configure:5507: checking for /usr/x86_64-suse-linux/bin/ld option to reload object files
configure:5514: result: -r
configure:5588: checking for objdump
configure:5604: found /usr/bin/objdump
configure:5615: result: objdump
configure:5647: checking how to recognize dependent libraries
configure:5849: result: pass_all
configure:5934: checking for dlltool
configure:5964: result: no
configure:5994: checking how to associate runtime and link libraries
configure:6021: result: printf %s\n
configure:6081: checking for ar
configure:6097: found /usr/bin/ar
configure:6108: result: ar
configure:6145: checking for archiver @FILE support
configure:6162: gcc -c -g -O2  conftest.c >&5
configure:6162: $? = 0
configure:6165: ar cru libconftest.a @conftest.lst >&5
configure:6168: $? = 0
configure:6173: ar cru libconftest.a @conftest.lst >&5
ar: conftest.o: No such file or directory
configure:6176: $? = 1
configure:6188: result: @
configure:6246: checking for strip
configure:6262: found /usr/bin/strip
configure:6273: result: strip
configure:6345: checking for ranlib
configure:6361: found /usr/bin/ranlib
configure:6372: result: ranlib
configure:6474: checking command to parse /usr/bin/nm -B output from gcc object
configure:6594: gcc -c -g -O2  conftest.c >&5
configure:6597: $? = 0
configure:6601: /usr/bin/nm -B conftest.o \| sed -n -e 's/^.*[ ]\([ABCDGIRSTW][ABCDGIRSTW]*\)[ ][ ]*\([_A-Za-z][_A-Za-z0-9]*\)$/\1 \2 \2/p' | sed '/ __gnu_lto/d' \> conftest.nm
configure:6604: $? = 0
configure:6670: gcc -o conftest -g -O2   conftest.c conftstm.o >&5
configure:6673: $? = 0
configure:6711: result: ok
configure:6748: checking for sysroot
configure:6778: result: no
configure:6855: gcc -c -g -O2  conftest.c >&5
configure:6858: $? = 0
configure:7034: checking for mt
configure:7050: found /usr/bin/mt
configure:7061: result: mt
configure:7084: checking if mt is a manifest tool
configure:7090: mt '-?'
configure:7098: result: no
configure:7737: checking for dlfcn.h
configure:7737: gcc -c -g -O2  conftest.c >&5
configure:7737: $? = 0
configure:7737: result: yes
configure:7943: checking for objdir
configure:7958: result: .libs
configure:8225: checking if gcc supports -fno-rtti -fno-exceptions
configure:8243: gcc -c -g -O2  -fno-rtti -fno-exceptions conftest.c >&5
cc1: warning: command line option '-fno-rtti' is valid for C++/ObjC++ but not for C [enabled by default]
configure:8247: $? = 0
configure:8260: result: no
configure:8587: checking for gcc option to produce PIC
configure:8594: result: -fPIC -DPIC
configure:8602: checking if gcc PIC flag -fPIC -DPIC works
configure:8620: gcc -c -g -O2  -fPIC -DPIC -DPIC conftest.c >&5
configure:8624: $? = 0
configure:8637: result: yes
configure:8666: checking if gcc static flag -static works
configure:8694: result: no
configure:8709: checking if gcc supports -c -o file.o
configure:8730: gcc -c -g -O2  -o out/conftest2.o conftest.c >&5
configure:8734: $? = 0
configure:8756: result: yes
configure:8764: checking if gcc supports -c -o file.o
configure:8811: result: yes
configure:8844: checking whether the gcc linker (/usr/x86_64-suse-linux/bin/ld -m elf_x86_64) supports shared libraries
configure:9997: result: yes
configure:10034: checking whether -lc should be explicitly linked in
configure:10042: gcc -c -g -O2  conftest.c >&5
configure:10045: $? = 0
configure:10060: gcc -shared  -fPIC -DPIC conftest.o  -v -Wl,-soname -Wl,conftest -o conftest 2\>\&1 \| /usr/bin/grep  -lc  \>/dev/null 2\>\&1
configure:10063: $? = 0
configure:10077: result: no
configure:10237: checking dynamic linker characteristics
configure:10748: gcc -o conftest -g -O2   -Wl,-rpath -Wl,/foo conftest.c  >&5
configure:10748: $? = 0
configure:10970: result: GNU/Linux ld.so
configure:11077: checking how to hardcode library paths into programs
configure:11102: result: immediate
configure:11642: checking whether stripping libraries is possible
configure:11647: result: yes
configure:11682: checking if libtool supports shared libraries
configure:11684: result: yes
configure:11687: checking whether to build shared libraries
configure:11708: result: yes
configure:11711: checking whether to build static libraries
configure:11715: result: yes
configure:11757: checking for gawk
configure:11784: result: gawk
configure:11843: checking for gcc
configure:11870: result: gcc
configure:12099: checking for C compiler version
configure:12108: gcc --version >&5
gcc (SUSE Linux) 4.7.1 20120723 [gcc-4_7-branch revision 189773]
Copyright (C) 2012 Free Software Foundation, Inc.
This is free software; see the source for copying conditions.  There is NO
warranty; not even for MERCHANTABILITY or FITNESS FOR A PARTICULAR PURPOSE.

configure:12119: $? = 0
configure:12108: gcc -v >&5
Using built-in specs.
COLLECT_GCC=gcc
COLLECT_LTO_WRAPPER=/usr/lib64/gcc/x86_64-suse-linux/4.7/lto-wrapper
Target: x86_64-suse-linux
Configured with: ../configure --prefix=/usr --infodir=/usr/share/info --mandir=/usr/share/man --libdir=/usr/lib64 --libexecdir=/usr/lib64 --enable-languages=c,c++,objc,fortran,obj-c++,java,ada --enable-checking=release --with-gxx-include-dir=/usr/include/c++/4.7 --enable-ssp --disable-libssp --disable-libitm --disable-plugin --with-bugurl=http://bugs.opensuse.org/ --with-pkgversion='SUSE Linux' --disable-libgcj --disable-libmudflap --with-slibdir=/lib64 --with-system-zlib --enable-__cxa_atexit --enable-libstdcxx-allocator=new --disable-libstdcxx-pch --enable-version-specific-runtime-libs --enable-linker-build-id --program-suffix=-4.7 --enable-linux-futex --without-system-libunwind --with-arch-32=i586 --with-tune=generic --build=x86_64-suse-linux
Thread model: posix
gcc version 4.7.1 20120723 [gcc-4_7-branch revision 189773] (SUSE Linux) 
configure:12119: $? = 0
configure:12108: gcc -V >&5
gcc: error: unrecognized command line option '-V'
gcc: fatal error: no input files
compilation terminated.
configure:12119: $? = 1
configure:12108: gcc -qversion >&5
gcc: error: unrecognized command line option '-qversion'
gcc: fatal error: no input files
compilation terminated.
configure:12119: $? = 1
configure:12123: checking whether we are using the GNU C compiler
configure:12151: result: yes
configure:12160: checking whether gcc accepts -g
configure:12221: result: yes
configure:12238: checking for gcc option to accept ISO C89
configure:12314: result: none needed
configure:12336: checking dependency style of gcc
configure:12447: result: gcc3
configure:12465: checking whether gcc and cc understand -c and -o together
configure:12496: gcc -c conftest.c -o conftest2.o >&5
configure:12500: $? = 0
configure:12506: gcc -c conftest.c -o conftest2.o >&5
configure:12510: $? = 0
configure:12521: cc -c conftest.c >&5
configure:12525: $? = 0
configure:12533: cc -c conftest.c -o conftest2.o >&5
configure:12537: $? = 0
configure:12543: cc -c conftest.c -o conftest2.o >&5
configure:12547: $? = 0
configure:12565: result: yes
configure:12650: checking for g++
configure:12666: found /usr/bin/g++
configure:12677: result: g++
configure:12704: checking for C++ compiler version
configure:12713: g++ --version >&5
g++ (SUSE Linux) 4.7.1 20120723 [gcc-4_7-branch revision 189773]
Copyright (C) 2012 Free Software Foundation, Inc.
This is free software; see the source for copying conditions.  There is NO
warranty; not even for MERCHANTABILITY or FITNESS FOR A PARTICULAR PURPOSE.

configure:12724: $? = 0
configure:12713: g++ -v >&5
Using built-in specs.
COLLECT_GCC=g++
COLLECT_LTO_WRAPPER=/usr/lib64/gcc/x86_64-suse-linux/4.7/lto-wrapper
Target: x86_64-suse-linux
Configured with: ../configure --prefix=/usr --infodir=/usr/share/info --mandir=/usr/share/man --libdir=/usr/lib64 --libexecdir=/usr/lib64 --enable-languages=c,c++,objc,fortran,obj-c++,java,ada --enable-checking=release --with-gxx-include-dir=/usr/include/c++/4.7 --enable-ssp --disable-libssp --disable-libitm --disable-plugin --with-bugurl=http://bugs.opensuse.org/ --with-pkgversion='SUSE Linux' --disable-libgcj --disable-libmudflap --with-slibdir=/lib64 --with-system-zlib --enable-__cxa_atexit --enable-libstdcxx-allocator=new --disable-libstdcxx-pch --enable-version-specific-runtime-libs --enable-linker-build-id --program-suffix=-4.7 --enable-linux-futex --without-system-libunwind --with-arch-32=i586 --with-tune=generic --build=x86_64-suse-linux
Thread model: posix
gcc version 4.7.1 20120723 [gcc-4_7-branch revision 189773] (SUSE Linux) 
configure:12724: $? = 0
configure:12713: g++ -V >&5
g++: error: unrecognized command line option '-V'
g++: fatal error: no input files
compilation terminated.
configure:12724: $? = 1
configure:12713: g++ -qversion >&5
g++: error: unrecognized command line option '-qversion'
g++: fatal error: no input files
compilation terminated.
configure:12724: $? = 1
configure:12728: checking whether we are using the GNU C++ compiler
configure:12747: g++ -c   conftest.cpp >&5
configure:12747: $? = 0
configure:12756: result: yes
configure:12765: checking whether g++ accepts -g
configure:12785: g++ -c -g  conftest.cpp >&5
configure:12785: $? = 0
configure:12826: result: yes
configure:12851: checking dependency style of g++
configure:12962: result: gcc3
configure:12995: checking how to run the C++ preprocessor
configure:13022: g++ -E  conftest.cpp
configure:13022: $? = 0
configure:13036: g++ -E  conftest.cpp
conftest.cpp:28:28: fatal error: ac_nonexistent.h: No such file or directory
compilation terminated.
configure:13036: $? = 1
configure: failed program was:
| /* confdefs.h */
| #define PACKAGE_NAME "mjpegtools"
| #define PACKAGE_TARNAME "mjpegtools"
| #define PACKAGE_VERSION "2.0.1"
| #define PACKAGE_STRING "mjpegtools 2.0.1"
| #define PACKAGE_BUGREPORT "mjpeg-developer@lists.sourceforge.net"
| #define PACKAGE_URL ""
| #define PACKAGE "mjpegtools"
| #define VERSION "2.0.1"
| #define STDC_HEADERS 1
| #define HAVE_SYS_TYPES_H 1
| #define HAVE_SYS_STAT_H 1
| #define HAVE_STDLIB_H 1
| #define HAVE_STRING_H 1
| #define HAVE_MEMORY_H 1
| #define HAVE_STRINGS_H 1
| #define HAVE_INTTYPES_H 1
| #define HAVE_STDINT_H 1
| #define HAVE_UNISTD_H 1
| #define __EXTENSIONS__ 1
| #define _ALL_SOURCE 1
| #define _GNU_SOURCE 1
| #define _POSIX_PTHREAD_SEMANTICS 1
| #define _TANDEM_SOURCE 1
| #define HAVE_DLFCN_H 1
| #define LT_OBJDIR ".libs/"
| /* end confdefs.h.  */
| #include <ac_nonexistent.h>
configure:13061: result: g++ -E
configure:13081: g++ -E  conftest.cpp
configure:13081: $? = 0
configure:13095: g++ -E  conftest.cpp
conftest.cpp:28:28: fatal error: ac_nonexistent.h: No such file or directory
compilation terminated.
configure:13095: $? = 1
configure: failed program was:
| /* confdefs.h */
| #define PACKAGE_NAME "mjpegtools"
| #define PACKAGE_TARNAME "mjpegtools"
| #define PACKAGE_VERSION "2.0.1"
| #define PACKAGE_STRING "mjpegtools 2.0.1"
| #define PACKAGE_BUGREPORT "mjpeg-developer@lists.sourceforge.net"
| #define PACKAGE_URL ""
| #define PACKAGE "mjpegtools"
| #define VERSION "2.0.1"
| #define STDC_HEADERS 1
| #define HAVE_SYS_TYPES_H 1
| #define HAVE_SYS_STAT_H 1
| #define HAVE_STDLIB_H 1
| #define HAVE_STRING_H 1
| #define HAVE_MEMORY_H 1
| #define HAVE_STRINGS_H 1
| #define HAVE_INTTYPES_H 1
| #define HAVE_STDINT_H 1
| #define HAVE_UNISTD_H 1
| #define __EXTENSIONS__ 1
| #define _ALL_SOURCE 1
| #define _GNU_SOURCE 1
| #define _POSIX_PTHREAD_SEMANTICS 1
| #define _TANDEM_SOURCE 1
| #define HAVE_DLFCN_H 1
| #define LT_OBJDIR ".libs/"
| /* end confdefs.h.  */
| #include <ac_nonexistent.h>
configure:13264: checking for ld used by g++
configure:13331: result: /usr/x86_64-suse-linux/bin/ld -m elf_x86_64
configure:13338: checking if the linker (/usr/x86_64-suse-linux/bin/ld -m elf_x86_64) is GNU ld
configure:13353: result: yes
configure:13408: checking whether the g++ linker (/usr/x86_64-suse-linux/bin/ld -m elf_x86_64) supports shared libraries
configure:14413: result: yes
configure:14449: g++ -c -g -O2  conftest.cpp >&5
configure:14452: $? = 0
configure:14972: checking for g++ option to produce PIC
configure:14979: result: -fPIC -DPIC
configure:14987: checking if g++ PIC flag -fPIC -DPIC works
configure:15005: g++ -c -g -O2  -fPIC -DPIC -DPIC conftest.cpp >&5
configure:15009: $? = 0
configure:15022: result: yes
configure:15045: checking if g++ static flag -static works
configure:15073: result: no
configure:15085: checking if g++ supports -c -o file.o
configure:15106: g++ -c -g -O2  -o out/conftest2.o conftest.cpp >&5
configure:15110: $? = 0
configure:15132: result: yes
configure:15137: checking if g++ supports -c -o file.o
configure:15184: result: yes
configure:15214: checking whether the g++ linker (/usr/x86_64-suse-linux/bin/ld -m elf_x86_64) supports shared libraries
configure:15250: result: yes
configure:15391: checking dynamic linker characteristics
configure:16058: result: GNU/Linux ld.so
configure:16111: checking how to hardcode library paths into programs
configure:16136: result: immediate
configure:16177: checking whether ln -s works
configure:16181: result: yes
configure:16188: checking whether byte ordering is bigendian
configure:16203: gcc -c -g -O2  conftest.c >&5
conftest.c:29:9: error: unknown type name 'not'
conftest.c:29:15: error: expected '=', ',', ';', 'asm' or '__attribute__' before 'universal'
conftest.c:29:15: error: unknown type name 'universal'
configure:16203: $? = 1
configure: failed program was:
| /* confdefs.h */
| #define PACKAGE_NAME "mjpegtools"
| #define PACKAGE_TARNAME "mjpegtools"
| #define PACKAGE_VERSION "2.0.1"
| #define PACKAGE_STRING "mjpegtools 2.0.1"
| #define PACKAGE_BUGREPORT "mjpeg-developer@lists.sourceforge.net"
| #define PACKAGE_URL ""
| #define PACKAGE "mjpegtools"
| #define VERSION "2.0.1"
| #define STDC_HEADERS 1
| #define HAVE_SYS_TYPES_H 1
| #define HAVE_SYS_STAT_H 1
| #define HAVE_STDLIB_H 1
| #define HAVE_STRING_H 1
| #define HAVE_MEMORY_H 1
| #define HAVE_STRINGS_H 1
| #define HAVE_INTTYPES_H 1
| #define HAVE_STDINT_H 1
| #define HAVE_UNISTD_H 1
| #define __EXTENSIONS__ 1
| #define _ALL_SOURCE 1
| #define _GNU_SOURCE 1
| #define _POSIX_PTHREAD_SEMANTICS 1
| #define _TANDEM_SOURCE 1
| #define HAVE_DLFCN_H 1
| #define LT_OBJDIR ".libs/"
| /* end confdefs.h.  */
| #ifndef __APPLE_CC__
| 	       not a universal capable compiler
| 	     #endif
| 	     typedef int dummy;
| 
configure:16248: gcc -c -g -O2  conftest.c >&5
configure:16248: $? = 0
configure:16266: gcc -c -g -O2  conftest.c >&5
conftest.c: In function 'main':
conftest.c:35:4: error: unknown type name 'not'
conftest.c:35:12: error: expected '=', ',', ';', 'asm' or '__attribute__' before 'endian'
configure:16266: $? = 1
configure: failed program was:
| /* confdefs.h */
| #define PACKAGE_NAME "mjpegtools"
| #define PACKAGE_TARNAME "mjpegtools"
| #define PACKAGE_VERSION "2.0.1"
| #define PACKAGE_STRING "mjpegtools 2.0.1"
| #define PACKAGE_BUGREPORT "mjpeg-developer@lists.sourceforge.net"
| #define PACKAGE_URL ""
| #define PACKAGE "mjpegtools"
| #define VERSION "2.0.1"
| #define STDC_HEADERS 1
| #define HAVE_SYS_TYPES_H 1
| #define HAVE_SYS_STAT_H 1
| #define HAVE_STDLIB_H 1
| #define HAVE_STRING_H 1
| #define HAVE_MEMORY_H 1
| #define HAVE_STRINGS_H 1
| #define HAVE_INTTYPES_H 1
| #define HAVE_STDINT_H 1
| #define HAVE_UNISTD_H 1
| #define __EXTENSIONS__ 1
| #define _ALL_SOURCE 1
| #define _GNU_SOURCE 1
| #define _POSIX_PTHREAD_SEMANTICS 1
| #define _TANDEM_SOURCE 1
| #define HAVE_DLFCN_H 1
| #define LT_OBJDIR ".libs/"
| /* end confdefs.h.  */
| #include <sys/types.h>
| 		#include <sys/param.h>
| 
| int
| main ()
| {
| #if BYTE_ORDER != BIG_ENDIAN
| 		 not big endian
| 		#endif
| 
|   ;
|   return 0;
| }
configure:16394: result: no
configure:16412: checking for an ANSI C-conforming const
configure:16478: gcc -c -g -O2  conftest.c >&5
configure:16478: $? = 0
configure:16485: result: yes
configure:16493: checking for inline
configure:16509: gcc -c -g -O2  conftest.c >&5
configure:16509: $? = 0
configure:16517: result: inline
configure:16542: checking for special C compiler options needed for large files
configure:16587: result: no
configure:16593: checking for _FILE_OFFSET_BITS value needed for large files
configure:16618: gcc -c -g -O2  conftest.c >&5
configure:16618: $? = 0
configure:16650: result: no
configure:16745: checking dependency style of gcc
configure:16854: result: gcc3
configure:16879: checking for stdint.h
configure:16879: result: yes
configure:16879: checking for inttypes.h
configure:16879: result: yes
configure:16879: checking for sys/types.h
configure:16879: result: yes
configure:16879: checking getopt.h usability
configure:16879: gcc -c -g -O2  conftest.c >&5
configure:16879: $? = 0
configure:16879: result: yes
configure:16879: checking getopt.h presence
configure:16879: gcc -E  conftest.c
configure:16879: $? = 0
configure:16879: result: yes
configure:16879: checking for getopt.h
configure:16879: result: yes
configure:16879: checking malloc.h usability
configure:16879: gcc -c -g -O2  conftest.c >&5
configure:16879: $? = 0
configure:16879: result: yes
configure:16879: checking malloc.h presence
configure:16879: gcc -E  conftest.c
configure:16879: $? = 0
configure:16879: result: yes
configure:16879: checking for malloc.h
configure:16879: result: yes
configure:16879: checking sys/soundcard.h usability
configure:16879: gcc -c -g -O2  conftest.c >&5
configure:16879: $? = 0
configure:16879: result: yes
configure:16879: checking sys/soundcard.h presence
configure:16879: gcc -E  conftest.c
configure:16879: $? = 0
configure:16879: result: yes
configure:16879: checking for sys/soundcard.h
configure:16879: result: yes
configure:16892: checking for sin in -lm
configure:16917: gcc -o conftest -g -O2   conftest.c -lm   >&5
conftest.c:41:6: warning: conflicting types for built-in function 'sin' [enabled by default]
configure:16917: $? = 0
configure:16926: result: yes
configure:16940: checking for posix_memalign
configure:16940: gcc -o conftest -g -O2   conftest.c -lm  >&5
configure:16940: $? = 0
configure:16940: result: yes
configure:16940: checking for memalign
configure:16940: gcc -o conftest -g -O2   conftest.c -lm  >&5
configure:16940: $? = 0
configure:16940: result: yes
configure:16940: checking for fmax
configure:16940: gcc -o conftest -g -O2   conftest.c -lm  >&5
conftest.c:60:6: warning: conflicting types for built-in function 'fmax' [enabled by default]
configure:16940: $? = 0
configure:16940: result: yes
configure:16940: checking for fmin
configure:16940: gcc -o conftest -g -O2   conftest.c -lm  >&5
conftest.c:61:6: warning: conflicting types for built-in function 'fmin' [enabled by default]
configure:16940: $? = 0
configure:16940: result: yes
configure:16940: checking for lround
configure:16940: gcc -o conftest -g -O2   conftest.c -lm  >&5
conftest.c:62:6: warning: conflicting types for built-in function 'lround' [enabled by default]
configure:16940: $? = 0
configure:16940: result: yes
configure:16950: checking for getopt_long
configure:16950: gcc -o conftest -g -O2   conftest.c -lm  >&5
configure:16950: $? = 0
configure:16950: result: yes
configure:17005: checking return type of signal handlers
configure:17023: gcc -c -g -O2  conftest.c >&5
conftest.c: In function 'main':
conftest.c:47:1: error: void value not ignored as it ought to be
configure:17023: $? = 1
configure: failed program was:
| /* confdefs.h */
| #define PACKAGE_NAME "mjpegtools"
| #define PACKAGE_TARNAME "mjpegtools"
| #define PACKAGE_VERSION "2.0.1"
| #define PACKAGE_STRING "mjpegtools 2.0.1"
| #define PACKAGE_BUGREPORT "mjpeg-developer@lists.sourceforge.net"
| #define PACKAGE_URL ""
| #define PACKAGE "mjpegtools"
| #define VERSION "2.0.1"
| #define STDC_HEADERS 1
| #define HAVE_SYS_TYPES_H 1
| #define HAVE_SYS_STAT_H 1
| #define HAVE_STDLIB_H 1
| #define HAVE_STRING_H 1
| #define HAVE_MEMORY_H 1
| #define HAVE_STRINGS_H 1
| #define HAVE_INTTYPES_H 1
| #define HAVE_STDINT_H 1
| #define HAVE_UNISTD_H 1
| #define __EXTENSIONS__ 1
| #define _ALL_SOURCE 1
| #define _GNU_SOURCE 1
| #define _POSIX_PTHREAD_SEMANTICS 1
| #define _TANDEM_SOURCE 1
| #define HAVE_DLFCN_H 1
| #define LT_OBJDIR ".libs/"
| #define HAVE_STDINT_H 1
| #define HAVE_INTTYPES_H 1
| #define HAVE_SYS_TYPES_H 1
| #define HAVE_GETOPT_H 1
| #define HAVE_MALLOC_H 1
| #define HAVE_SYS_SOUNDCARD_H 1
| #define HAVE_LIBM 1
| #define HAVE_POSIX_MEMALIGN 1
| #define HAVE_MEMALIGN 1
| #define HAVE_FMAX 1
| #define HAVE_FMIN 1
| #define HAVE_LROUND 1
| #define HAVE_GETOPT_LONG 1
| /* end confdefs.h.  */
| #include <sys/types.h>
| #include <signal.h>
| 
| int
| main ()
| {
| return *(signal (0, 0)) (0) == 1;
|   ;
|   return 0;
| }
configure:17030: result: void
configure:17039: The host is x86_64-suse-linux-gnu  x86_64  suse  linux-gnu .
configure:17044: checking for alpha architecture
configure:17093: result: no
configure:17122: checking linux/videodev.h usability
configure:17122: gcc -c -g -O2  conftest.c >&5
conftest.c:75:28: fatal error: linux/videodev.h: No such file or directory
compilation terminated.
configure:17122: $? = 1
configure: failed program was:
| /* confdefs.h */
| #define PACKAGE_NAME "mjpegtools"
| #define PACKAGE_TARNAME "mjpegtools"
| #define PACKAGE_VERSION "2.0.1"
| #define PACKAGE_STRING "mjpegtools 2.0.1"
| #define PACKAGE_BUGREPORT "mjpeg-developer@lists.sourceforge.net"
| #define PACKAGE_URL ""
| #define PACKAGE "mjpegtools"
| #define VERSION "2.0.1"
| #define STDC_HEADERS 1
| #define HAVE_SYS_TYPES_H 1
| #define HAVE_SYS_STAT_H 1
| #define HAVE_STDLIB_H 1
| #define HAVE_STRING_H 1
| #define HAVE_MEMORY_H 1
| #define HAVE_STRINGS_H 1
| #define HAVE_INTTYPES_H 1
| #define HAVE_STDINT_H 1
| #define HAVE_UNISTD_H 1
| #define __EXTENSIONS__ 1
| #define _ALL_SOURCE 1
| #define _GNU_SOURCE 1
| #define _POSIX_PTHREAD_SEMANTICS 1
| #define _TANDEM_SOURCE 1
| #define HAVE_DLFCN_H 1
| #define LT_OBJDIR ".libs/"
| #define HAVE_STDINT_H 1
| #define HAVE_INTTYPES_H 1
| #define HAVE_SYS_TYPES_H 1
| #define HAVE_GETOPT_H 1
| #define HAVE_MALLOC_H 1
| #define HAVE_SYS_SOUNDCARD_H 1
| #define HAVE_LIBM 1
| #define HAVE_POSIX_MEMALIGN 1
| #define HAVE_MEMALIGN 1
| #define HAVE_FMAX 1
| #define HAVE_FMIN 1
| #define HAVE_LROUND 1
| #define HAVE_GETOPT_LONG 1
| #define RETSIGTYPE void
| /* end confdefs.h.  */
| #include <stdio.h>
| #ifdef HAVE_SYS_TYPES_H
| # include <sys/types.h>
| #endif
| #ifdef HAVE_SYS_STAT_H
| # include <sys/stat.h>
| #endif
| #ifdef STDC_HEADERS
| # include <stdlib.h>
| # include <stddef.h>
| #else
| # ifdef HAVE_STDLIB_H
| #  include <stdlib.h>
| # endif
| #endif
| #ifdef HAVE_STRING_H
| # if !defined STDC_HEADERS && defined HAVE_MEMORY_H
| #  include <memory.h>
| # endif
| # include <string.h>
| #endif
| #ifdef HAVE_STRINGS_H
| # include <strings.h>
| #endif
| #ifdef HAVE_INTTYPES_H
| # include <inttypes.h>
| #endif
| #ifdef HAVE_STDINT_H
| # include <stdint.h>
| #endif
| #ifdef HAVE_UNISTD_H
| # include <unistd.h>
| #endif
| #include <linux/videodev.h>
configure:17122: result: no
configure:17122: checking linux/videodev.h presence
configure:17122: gcc -E  conftest.c
conftest.c:42:28: fatal error: linux/videodev.h: No such file or directory
compilation terminated.
configure:17122: $? = 1
configure: failed program was:
| /* confdefs.h */
| #define PACKAGE_NAME "mjpegtools"
| #define PACKAGE_TARNAME "mjpegtools"
| #define PACKAGE_VERSION "2.0.1"
| #define PACKAGE_STRING "mjpegtools 2.0.1"
| #define PACKAGE_BUGREPORT "mjpeg-developer@lists.sourceforge.net"
| #define PACKAGE_URL ""
| #define PACKAGE "mjpegtools"
| #define VERSION "2.0.1"
| #define STDC_HEADERS 1
| #define HAVE_SYS_TYPES_H 1
| #define HAVE_SYS_STAT_H 1
| #define HAVE_STDLIB_H 1
| #define HAVE_STRING_H 1
| #define HAVE_MEMORY_H 1
| #define HAVE_STRINGS_H 1
| #define HAVE_INTTYPES_H 1
| #define HAVE_STDINT_H 1
| #define HAVE_UNISTD_H 1
| #define __EXTENSIONS__ 1
| #define _ALL_SOURCE 1
| #define _GNU_SOURCE 1
| #define _POSIX_PTHREAD_SEMANTICS 1
| #define _TANDEM_SOURCE 1
| #define HAVE_DLFCN_H 1
| #define LT_OBJDIR ".libs/"
| #define HAVE_STDINT_H 1
| #define HAVE_INTTYPES_H 1
| #define HAVE_SYS_TYPES_H 1
| #define HAVE_GETOPT_H 1
| #define HAVE_MALLOC_H 1
| #define HAVE_SYS_SOUNDCARD_H 1
| #define HAVE_LIBM 1
| #define HAVE_POSIX_MEMALIGN 1
| #define HAVE_MEMALIGN 1
| #define HAVE_FMAX 1
| #define HAVE_FMIN 1
| #define HAVE_LROUND 1
| #define HAVE_GETOPT_LONG 1
| #define RETSIGTYPE void
| /* end confdefs.h.  */
| #include <linux/videodev.h>
configure:17122: result: no
configure:17122: checking for linux/videodev.h
configure:17122: result: no
configure:17137: WARNING: videodev.h not found - please install the linux kernel headers programms needing v4l disabled
configure:17313: checking for the pthreads library -lpthreads
configure:17346: gcc -o conftest -g -O2    conftest.c -lpthreads -lm  >&5
/usr/lib64/gcc/x86_64-suse-linux/4.7/../../../../x86_64-suse-linux/bin/ld: cannot find -lpthreads
collect2: error: ld returned 1 exit status
configure:17346: $? = 1
configure: failed program was:
| /* confdefs.h */
| #define PACKAGE_NAME "mjpegtools"
| #define PACKAGE_TARNAME "mjpegtools"
| #define PACKAGE_VERSION "2.0.1"
| #define PACKAGE_STRING "mjpegtools 2.0.1"
| #define PACKAGE_BUGREPORT "mjpeg-developer@lists.sourceforge.net"
| #define PACKAGE_URL ""
| #define PACKAGE "mjpegtools"
| #define VERSION "2.0.1"
| #define STDC_HEADERS 1
| #define HAVE_SYS_TYPES_H 1
| #define HAVE_SYS_STAT_H 1
| #define HAVE_STDLIB_H 1
| #define HAVE_STRING_H 1
| #define HAVE_MEMORY_H 1
| #define HAVE_STRINGS_H 1
| #define HAVE_INTTYPES_H 1
| #define HAVE_STDINT_H 1
| #define HAVE_UNISTD_H 1
| #define __EXTENSIONS__ 1
| #define _ALL_SOURCE 1
| #define _GNU_SOURCE 1
| #define _POSIX_PTHREAD_SEMANTICS 1
| #define _TANDEM_SOURCE 1
| #define HAVE_DLFCN_H 1
| #define LT_OBJDIR ".libs/"
| #define HAVE_STDINT_H 1
| #define HAVE_INTTYPES_H 1
| #define HAVE_SYS_TYPES_H 1
| #define HAVE_GETOPT_H 1
| #define HAVE_MALLOC_H 1
| #define HAVE_SYS_SOUNDCARD_H 1
| #define HAVE_LIBM 1
| #define HAVE_POSIX_MEMALIGN 1
| #define HAVE_MEMALIGN 1
| #define HAVE_FMAX 1
| #define HAVE_FMIN 1
| #define HAVE_LROUND 1
| #define HAVE_GETOPT_LONG 1
| #define RETSIGTYPE void
| /* end confdefs.h.  */
| #include <pthread.h>
| int
| main ()
| {
| pthread_t th; pthread_join(th, 0);
|                      pthread_attr_init(0); pthread_cleanup_push(0, 0);
|                      pthread_create(0,0,0,0); pthread_cleanup_pop(0);
|   ;
|   return 0;
| }
configure:17355: result: no
configure:17258: checking whether pthreads work without any flags
configure:17346: gcc -o conftest -g -O2    conftest.c  -lm  >&5
/tmp/ccn401ln.o: In function `main':
/home/bernhard/download/cvs/mjpeg_play/conftest.c:46: undefined reference to `pthread_join'
/home/bernhard/download/cvs/mjpeg_play/conftest.c:47: undefined reference to `__pthread_register_cancel'
/home/bernhard/download/cvs/mjpeg_play/conftest.c:48: undefined reference to `pthread_create'
/home/bernhard/download/cvs/mjpeg_play/conftest.c:48: undefined reference to `__pthread_unregister_cancel'
collect2: error: ld returned 1 exit status
configure:17346: $? = 1
configure: failed program was:
| /* confdefs.h */
| #define PACKAGE_NAME "mjpegtools"
| #define PACKAGE_TARNAME "mjpegtools"
| #define PACKAGE_VERSION "2.0.1"
| #define PACKAGE_STRING "mjpegtools 2.0.1"
| #define PACKAGE_BUGREPORT "mjpeg-developer@lists.sourceforge.net"
| #define PACKAGE_URL ""
| #define PACKAGE "mjpegtools"
| #define VERSION "2.0.1"
| #define STDC_HEADERS 1
| #define HAVE_SYS_TYPES_H 1
| #define HAVE_SYS_STAT_H 1
| #define HAVE_STDLIB_H 1
| #define HAVE_STRING_H 1
| #define HAVE_MEMORY_H 1
| #define HAVE_STRINGS_H 1
| #define HAVE_INTTYPES_H 1
| #define HAVE_STDINT_H 1
| #define HAVE_UNISTD_H 1
| #define __EXTENSIONS__ 1
| #define _ALL_SOURCE 1
| #define _GNU_SOURCE 1
| #define _POSIX_PTHREAD_SEMANTICS 1
| #define _TANDEM_SOURCE 1
| #define HAVE_DLFCN_H 1
| #define LT_OBJDIR ".libs/"
| #define HAVE_STDINT_H 1
| #define HAVE_INTTYPES_H 1
| #define HAVE_SYS_TYPES_H 1
| #define HAVE_GETOPT_H 1
| #define HAVE_MALLOC_H 1
| #define HAVE_SYS_SOUNDCARD_H 1
| #define HAVE_LIBM 1
| #define HAVE_POSIX_MEMALIGN 1
| #define HAVE_MEMALIGN 1
| #define HAVE_FMAX 1
| #define HAVE_FMIN 1
| #define HAVE_LROUND 1
| #define HAVE_GETOPT_LONG 1
| #define RETSIGTYPE void
| /* end confdefs.h.  */
| #include <pthread.h>
| int
| main ()
| {
| pthread_t th; pthread_join(th, 0);
|                      pthread_attr_init(0); pthread_cleanup_push(0, 0);
|                      pthread_create(0,0,0,0); pthread_cleanup_pop(0);
|   ;
|   return 0;
| }
configure:17355: result: no
configure:17263: checking whether pthreads work with -Kthread
configure:17346: gcc -o conftest -g -O2 -Kthread   conftest.c  -lm  >&5
gcc: error: unrecognized command line option '-Kthread'
configure:17346: $? = 1
configure: failed program was:
| /* confdefs.h */
| #define PACKAGE_NAME "mjpegtools"
| #define PACKAGE_TARNAME "mjpegtools"
| #define PACKAGE_VERSION "2.0.1"
| #define PACKAGE_STRING "mjpegtools 2.0.1"
| #define PACKAGE_BUGREPORT "mjpeg-developer@lists.sourceforge.net"
| #define PACKAGE_URL ""
| #define PACKAGE "mjpegtools"
| #define VERSION "2.0.1"
| #define STDC_HEADERS 1
| #define HAVE_SYS_TYPES_H 1
| #define HAVE_SYS_STAT_H 1
| #define HAVE_STDLIB_H 1
| #define HAVE_STRING_H 1
| #define HAVE_MEMORY_H 1
| #define HAVE_STRINGS_H 1
| #define HAVE_INTTYPES_H 1
| #define HAVE_STDINT_H 1
| #define HAVE_UNISTD_H 1
| #define __EXTENSIONS__ 1
| #define _ALL_SOURCE 1
| #define _GNU_SOURCE 1
| #define _POSIX_PTHREAD_SEMANTICS 1
| #define _TANDEM_SOURCE 1
| #define HAVE_DLFCN_H 1
| #define LT_OBJDIR ".libs/"
| #define HAVE_STDINT_H 1
| #define HAVE_INTTYPES_H 1
| #define HAVE_SYS_TYPES_H 1
| #define HAVE_GETOPT_H 1
| #define HAVE_MALLOC_H 1
| #define HAVE_SYS_SOUNDCARD_H 1
| #define HAVE_LIBM 1
| #define HAVE_POSIX_MEMALIGN 1
| #define HAVE_MEMALIGN 1
| #define HAVE_FMAX 1
| #define HAVE_FMIN 1
| #define HAVE_LROUND 1
| #define HAVE_GETOPT_LONG 1
| #define RETSIGTYPE void
| /* end confdefs.h.  */
| #include <pthread.h>
| int
| main ()
| {
| pthread_t th; pthread_join(th, 0);
|                      pthread_attr_init(0); pthread_cleanup_push(0, 0);
|                      pthread_create(0,0,0,0); pthread_cleanup_pop(0);
|   ;
|   return 0;
| }
configure:17355: result: no
configure:17263: checking whether pthreads work with -kthread
configure:17346: gcc -o conftest -g -O2 -kthread   conftest.c  -lm  >&5
gcc: error: unrecognized command line option '-kthread'
configure:17346: $? = 1
configure: failed program was:
| /* confdefs.h */
| #define PACKAGE_NAME "mjpegtools"
| #define PACKAGE_TARNAME "mjpegtools"
| #define PACKAGE_VERSION "2.0.1"
| #define PACKAGE_STRING "mjpegtools 2.0.1"
| #define PACKAGE_BUGREPORT "mjpeg-developer@lists.sourceforge.net"
| #define PACKAGE_URL ""
| #define PACKAGE "mjpegtools"
| #define VERSION "2.0.1"
| #define STDC_HEADERS 1
| #define HAVE_SYS_TYPES_H 1
| #define HAVE_SYS_STAT_H 1
| #define HAVE_STDLIB_H 1
| #define HAVE_STRING_H 1
| #define HAVE_MEMORY_H 1
| #define HAVE_STRINGS_H 1
| #define HAVE_INTTYPES_H 1
| #define HAVE_STDINT_H 1
| #define HAVE_UNISTD_H 1
| #define __EXTENSIONS__ 1
| #define _ALL_SOURCE 1
| #define _GNU_SOURCE 1
| #define _POSIX_PTHREAD_SEMANTICS 1
| #define _TANDEM_SOURCE 1
| #define HAVE_DLFCN_H 1
| #define LT_OBJDIR ".libs/"
| #define HAVE_STDINT_H 1
| #define HAVE_INTTYPES_H 1
| #define HAVE_SYS_TYPES_H 1
| #define HAVE_GETOPT_H 1
| #define HAVE_MALLOC_H 1
| #define HAVE_SYS_SOUNDCARD_H 1
| #define HAVE_LIBM 1
| #define HAVE_POSIX_MEMALIGN 1
| #define HAVE_MEMALIGN 1
| #define HAVE_FMAX 1
| #define HAVE_FMIN 1
| #define HAVE_LROUND 1
| #define HAVE_GETOPT_LONG 1
| #define RETSIGTYPE void
| /* end confdefs.h.  */
| #include <pthread.h>
| int
| main ()
| {
| pthread_t th; pthread_join(th, 0);
|                      pthread_attr_init(0); pthread_cleanup_push(0, 0);
|                      pthread_create(0,0,0,0); pthread_cleanup_pop(0);
|   ;
|   return 0;
| }
configure:17355: result: no
configure:17313: checking for the pthreads library -llthread
configure:17346: gcc -o conftest -g -O2    conftest.c -llthread -lm  >&5
/usr/lib64/gcc/x86_64-suse-linux/4.7/../../../../x86_64-suse-linux/bin/ld: cannot find -llthread
collect2: error: ld returned 1 exit status
configure:17346: $? = 1
configure: failed program was:
| /* confdefs.h */
| #define PACKAGE_NAME "mjpegtools"
| #define PACKAGE_TARNAME "mjpegtools"
| #define PACKAGE_VERSION "2.0.1"
| #define PACKAGE_STRING "mjpegtools 2.0.1"
| #define PACKAGE_BUGREPORT "mjpeg-developer@lists.sourceforge.net"
| #define PACKAGE_URL ""
| #define PACKAGE "mjpegtools"
| #define VERSION "2.0.1"
| #define STDC_HEADERS 1
| #define HAVE_SYS_TYPES_H 1
| #define HAVE_SYS_STAT_H 1
| #define HAVE_STDLIB_H 1
| #define HAVE_STRING_H 1
| #define HAVE_MEMORY_H 1
| #define HAVE_STRINGS_H 1
| #define HAVE_INTTYPES_H 1
| #define HAVE_STDINT_H 1
| #define HAVE_UNISTD_H 1
| #define __EXTENSIONS__ 1
| #define _ALL_SOURCE 1
| #define _GNU_SOURCE 1
| #define _POSIX_PTHREAD_SEMANTICS 1
| #define _TANDEM_SOURCE 1
| #define HAVE_DLFCN_H 1
| #define LT_OBJDIR ".libs/"
| #define HAVE_STDINT_H 1
| #define HAVE_INTTYPES_H 1
| #define HAVE_SYS_TYPES_H 1
| #define HAVE_GETOPT_H 1
| #define HAVE_MALLOC_H 1
| #define HAVE_SYS_SOUNDCARD_H 1
| #define HAVE_LIBM 1
| #define HAVE_POSIX_MEMALIGN 1
| #define HAVE_MEMALIGN 1
| #define HAVE_FMAX 1
| #define HAVE_FMIN 1
| #define HAVE_LROUND 1
| #define HAVE_GETOPT_LONG 1
| #define RETSIGTYPE void
| /* end confdefs.h.  */
| #include <pthread.h>
| int
| main ()
| {
| pthread_t th; pthread_join(th, 0);
|                      pthread_attr_init(0); pthread_cleanup_push(0, 0);
|                      pthread_create(0,0,0,0); pthread_cleanup_pop(0);
|   ;
|   return 0;
| }
configure:17355: result: no
configure:17263: checking whether pthreads work with -pthread
configure:17346: gcc -o conftest -g -O2 -pthread   conftest.c  -lm  >&5
configure:17346: $? = 0
configure:17355: result: yes
configure:17375: checking for joinable pthread attribute
configure:17388: gcc -o conftest -g -O2 -pthread   conftest.c  -lm  >&5
configure:17388: $? = 0
configure:17420: result: PTHREAD_CREATE_JOINABLE
configure:17427: checking if more special flags are required for pthreads
configure:17434: result: no
configure:17446: checking for cc_r
configure:17474: result: gcc
configure:17513: checking for pthread_attr_getstacksize
configure:17513: gcc -o conftest -g -O2 -pthread   conftest.c -lm   >&5
configure:17513: $? = 0
configure:17513: result: yes
configure:17522: checking for jpeg_start_compress in -ljpeg
configure:17547: gcc -o conftest -g -O2 -pthread   conftest.c -ljpeg  -lm  >&5
configure:17547: $? = 0
configure:17556: result: yes
configure:17625: checking for pkg-config
configure:17643: found /usr/bin/pkg-config
configure:17655: result: /usr/bin/pkg-config
configure:17680: checking pkg-config is at least version 0.9.0
configure:17683: result: yes
configure:17696: checking for LIBQUICKTIME
configure:17703: $PKG_CONFIG --exists --print-errors "libquicktime > 0.9.7"
configure:17706: $? = 0
configure:17719: $PKG_CONFIG --exists --print-errors "libquicktime > 0.9.7"
configure:17722: $? = 0
configure:17759: result: yes
configure:17780: checking for LIBPNG
configure:17787: $PKG_CONFIG --exists --print-errors "libpng"
configure:17790: $? = 0
configure:17803: $PKG_CONFIG --exists --print-errors "libpng"
configure:17806: $? = 0
configure:17843: result: yes
configure:17932: checking for LIBDV
configure:17939: $PKG_CONFIG --exists --print-errors "libdv >= 0.9"
configure:17942: $? = 0
configure:17955: $PKG_CONFIG --exists --print-errors "libdv >= 0.9"
configure:17958: $? = 0
configure:17995: result: yes
configure:18004: checking for X
configure:18143: gcc -o conftest -g -O2 -pthread   conftest.c -lX11 -lm  >&5
configure:18143: $? = 0
configure:18193: result: libraries , headers 
configure:18292: gcc -o conftest -g -O2 -pthread   conftest.c -lm   -lX11 >&5
configure:18292: $? = 0
configure:18390: checking for gethostbyname
configure:18390: gcc -o conftest -g -O2 -pthread   conftest.c -lm  >&5
configure:18390: $? = 0
configure:18390: result: yes
configure:18487: checking for connect
configure:18487: gcc -o conftest -g -O2 -pthread   conftest.c -lm  >&5
configure:18487: $? = 0
configure:18487: result: yes
configure:18536: checking for remove
configure:18536: gcc -o conftest -g -O2 -pthread   conftest.c -lm  >&5
configure:18536: $? = 0
configure:18536: result: yes
configure:18585: checking for shmat
configure:18585: gcc -o conftest -g -O2 -pthread   conftest.c -lm  >&5
configure:18585: $? = 0
configure:18585: result: yes
configure:18643: checking for IceConnectionNumber in -lICE
configure:18668: gcc -o conftest -g -O2 -pthread   conftest.c -lICE  -lm  >&5
configure:18668: $? = 0
configure:18677: result: yes
configure:18688: checking for __progname
configure:18705: gcc -o conftest -g -O2 -pthread   conftest.c -lm  >&5
configure:18705: $? = 0
configure:18713: result: yes
configure:18724: checking for XF86DGAQueryExtension in -lXxf86dga
configure:18749: gcc -o conftest -g -O2 -pthread   conftest.c -lXxf86dga   -lSM -lICE -lXext  -lm  >&5
configure:18749: $? = 0
configure:18758: result: yes
configure:18784: checking for GTK
configure:18791: $PKG_CONFIG --exists --print-errors "gtk+-2.0 >= 2.4.0"
configure:18794: $? = 0
configure:18807: $PKG_CONFIG --exists --print-errors "gtk+-2.0 >= 2.4.0"
configure:18810: $? = 0
configure:18847: result: yes
configure:18865: checking for SDL
configure:18872: $PKG_CONFIG --exists --print-errors "sdl > 1.1.3"
configure:18875: $? = 0
configure:18888: $PKG_CONFIG --exists --print-errors "sdl > 1.1.3"
configure:18891: $? = 0
configure:18928: result: yes
configure:18951: checking for vlineColor in -lSDL_gfx
configure:18976: gcc -o conftest -g -O2 -pthread   conftest.c -lSDL_gfx  -lm  -lSDL -lSDL_gfx >&5
configure:18976: $? = 0
configure:18985: result: yes
configure:19014: checking Architecture
configure:19027: result: x86_64
configure:19065: checking if C compiler accepts inline MMX assembly
configure:19078: gcc -c -g -O2 -pthread  conftest.c >&5
configure:19078: $? = 0
configure:19085: result: yes
configure:19166: checking sub-architecture settings
configure:19175: result: -march=barcelona -mtune=barcelona
configure:19255: checking what warning flags to pass to the C compiler
configure:19275: result: -Wall -Wunused
configure:19277: result: 
configure:19417: checking that generated files are newer than configure
configure:19423: result: done
configure:19511: creating ./config.status

## ---------------------- ##
## Running config.status. ##
## ---------------------- ##

This file was extended by mjpegtools config.status 2.0.1, which was
generated by GNU Autoconf 2.69.  Invocation command line was

  CONFIG_FILES    = 
  CONFIG_HEADERS  = 
  CONFIG_LINKS    = 
  CONFIG_COMMANDS = 
  $ ./config.status 

on shadowlord

config.status:1261: creating Makefile
config.status:1261: creating debian/Makefile
config.status:1261: creating debian/control
config.status:1261: creating docs/Makefile
config.status:1261: creating lavtools/Makefile
config.status:1261: creating yuvcorrect/Makefile
config.status:1261: creating yuvdenoise/Makefile
config.status:1261: creating yuvdeinterlace/Makefile
config.status:1261: creating yuvscaler/Makefile
config.status:1261: creating y4munsharp/Makefile
config.status:1261: creating y4mutils/Makefile
config.status:1261: creating yuvfilters/Makefile
config.status:1261: creating mpeg2enc/Makefile
config.status:1261: creating aenc/Makefile
config.status:1261: creating mplex/Makefile
config.status:1261: creating scripts/Makefile
config.status:1261: creating utils/Makefile
config.status:1261: creating utils/altivec/Makefile
config.status:1261: creating utils/mmxsse/Makefile
config.status:1261: creating y4mdenoise/Makefile
config.status:1261: creating mjpegtools.pc
config.status:1261: creating mjpegtools.spec
config.status:1261: creating config.h
config.status:1490: executing depfiles commands
config.status:1490: executing libtool commands
configure:22022: 
configure:22024:  MJPEG tools 2.0.1 build configuration :
configure:22026: 
configure:22029:   - X86 Optimizations:
configure:22031:     - MMX/3DNow!/SSE enabled      : true
configure:22041:   - arch/cpu compiler flags       : -march=barcelona -mtune=barcelona
configure:22048:   - video4linux recording/playback: false
configure:22050:   - software MJPEG playback       : true
configure:22052:   - Quicktime playback/recording  : true
configure:22054:   - PNG input support             : true
configure:22056:   - AVI MJPEG playback/recording  : true (always)
configure:22058:   - libDV (digital video) support : true 
configure:22060:   - Gtk+ support for glav         : true
configure:22062: 

## ---------------- ##
## Cache variables. ##
## ---------------- ##

ac_cv_build=x86_64-suse-linux-gnu
ac_cv_c_bigendian=no
ac_cv_c_compiler_gnu=yes
ac_cv_c_const=yes
ac_cv_c_inline=inline
ac_cv_cxx_compiler_gnu=yes
ac_cv_env_CCASFLAGS_set=
ac_cv_env_CCASFLAGS_value=
ac_cv_env_CCAS_set=
ac_cv_env_CCAS_value=
ac_cv_env_CCC_set=
ac_cv_env_CCC_value=
ac_cv_env_CC_set=
ac_cv_env_CC_value=
ac_cv_env_CFLAGS_set=
ac_cv_env_CFLAGS_value=
ac_cv_env_CPPFLAGS_set=
ac_cv_env_CPPFLAGS_value=
ac_cv_env_CPP_set=
ac_cv_env_CPP_value=
ac_cv_env_CXXCPP_set=
ac_cv_env_CXXCPP_value=
ac_cv_env_CXXFLAGS_set=
ac_cv_env_CXXFLAGS_value=
ac_cv_env_CXX_set=
ac_cv_env_CXX_value=
ac_cv_env_GTK_CFLAGS_set=
ac_cv_env_GTK_CFLAGS_value=
ac_cv_env_GTK_LIBS_set=
ac_cv_env_GTK_LIBS_value=
ac_cv_env_LDFLAGS_set=
ac_cv_env_LDFLAGS_value=
ac_cv_env_LIBDV_CFLAGS_set=
ac_cv_env_LIBDV_CFLAGS_value=
ac_cv_env_LIBDV_LIBS_set=
ac_cv_env_LIBDV_LIBS_value=
ac_cv_env_LIBPNG_CFLAGS_set=
ac_cv_env_LIBPNG_CFLAGS_value=
ac_cv_env_LIBPNG_LIBS_set=
ac_cv_env_LIBPNG_LIBS_value=
ac_cv_env_LIBQUICKTIME_CFLAGS_set=
ac_cv_env_LIBQUICKTIME_CFLAGS_value=
ac_cv_env_LIBQUICKTIME_LIBS_set=
ac_cv_env_LIBQUICKTIME_LIBS_value=
ac_cv_env_LIBS_set=
ac_cv_env_LIBS_value=
ac_cv_env_PKG_CONFIG_LIBDIR_set=
ac_cv_env_PKG_CONFIG_LIBDIR_value=
ac_cv_env_PKG_CONFIG_PATH_set=set
ac_cv_env_PKG_CONFIG_PATH_value=/inbound/fastmpeg/lib/pkgconfig:/inbound/fastmpeg/lib/pkgconfig:
ac_cv_env_PKG_CONFIG_set=
ac_cv_env_PKG_CONFIG_value=
ac_cv_env_SDL_CFLAGS_set=
ac_cv_env_SDL_CFLAGS_value=
ac_cv_env_SDL_LIBS_set=
ac_cv_env_SDL_LIBS_value=
ac_cv_env_XMKMF_set=
ac_cv_env_XMKMF_value=
ac_cv_env_build_alias_set=
ac_cv_env_build_alias_value=
ac_cv_env_host_alias_set=
ac_cv_env_host_alias_value=
ac_cv_env_target_alias_set=
ac_cv_env_target_alias_value=
ac_cv_func_connect=yes
ac_cv_func_fmax=yes
ac_cv_func_fmin=yes
ac_cv_func_gethostbyname=yes
ac_cv_func_getopt_long=yes
ac_cv_func_lround=yes
ac_cv_func_memalign=yes
ac_cv_func_posix_memalign=yes
ac_cv_func_pthread_attr_getstacksize=yes
ac_cv_func_remove=yes
ac_cv_func_shmat=yes
ac_cv_have_x='have_x=yes	ac_x_includes='\'''\''	ac_x_libraries='\'''\'''
ac_cv_header_dlfcn_h=yes
ac_cv_header_getopt_h=yes
ac_cv_header_inttypes_h=yes
ac_cv_header_linux_videodev_h=no
ac_cv_header_malloc_h=yes
ac_cv_header_memory_h=yes
ac_cv_header_minix_config_h=no
ac_cv_header_stdc=yes
ac_cv_header_stdint_h=yes
ac_cv_header_stdlib_h=yes
ac_cv_header_string_h=yes
ac_cv_header_strings_h=yes
ac_cv_header_sys_soundcard_h=yes
ac_cv_header_sys_stat_h=yes
ac_cv_header_sys_types_h=yes
ac_cv_header_unistd_h=yes
ac_cv_host=x86_64-suse-linux-gnu
ac_cv_lib_ICE_IceConnectionNumber=yes
ac_cv_lib_SDL_gfx_vlineColor=yes
ac_cv_lib_Xxf86dga_XF86DGAQueryExtension=yes
ac_cv_lib_jpeg_jpeg_start_compress=yes
ac_cv_lib_m_sin=yes
ac_cv_objext=o
ac_cv_path_EGREP='/usr/bin/grep -E'
ac_cv_path_FGREP='/usr/bin/grep -F'
ac_cv_path_GREP=/usr/bin/grep
ac_cv_path_SED=/usr/bin/sed
ac_cv_path_ac_pt_PKG_CONFIG=/usr/bin/pkg-config
ac_cv_path_install='/usr/bin/install -c'
ac_cv_path_mkdir=/usr/bin/mkdir
ac_cv_prog_AWK=gawk
ac_cv_prog_CPP='gcc -E'
ac_cv_prog_CXXCPP='g++ -E'
ac_cv_prog_PTHREAD_CC=gcc
ac_cv_prog_ac_ct_AR=ar
ac_cv_prog_ac_ct_CC=gcc
ac_cv_prog_ac_ct_CXX=g++
ac_cv_prog_ac_ct_MANIFEST_TOOL=mt
ac_cv_prog_ac_ct_OBJDUMP=objdump
ac_cv_prog_ac_ct_RANLIB=ranlib
ac_cv_prog_ac_ct_STRIP=strip
ac_cv_prog_cc_c89=
ac_cv_prog_cc_g=yes
ac_cv_prog_cc_gcc_c_o=yes
ac_cv_prog_cxx_g=yes
ac_cv_prog_make_make_set=yes
ac_cv_safe_to_define___extensions__=yes
ac_cv_sys_file_offset_bits=no
ac_cv_sys_largefile_CC=no
ac_cv_type_signal=void
am_cv_CCAS_dependencies_compiler_type=gcc3
am_cv_CC_dependencies_compiler_type=gcc3
am_cv_CXX_dependencies_compiler_type=gcc3
lt_cv_ar_at_file=@
lt_cv_archive_cmds_need_lc=no
lt_cv_deplibs_check_method=pass_all
lt_cv_file_magic_cmd='$MAGIC_CMD'
lt_cv_file_magic_test_file=
lt_cv_ld_reload_flag=-r
lt_cv_nm_interface='BSD nm'
lt_cv_objdir=.libs
lt_cv_path_LD=/usr/x86_64-suse-linux/bin/ld
lt_cv_path_LDCXX='/usr/x86_64-suse-linux/bin/ld -m elf_x86_64'
lt_cv_path_NM='/usr/bin/nm -B'
lt_cv_path_mainfest_tool=no
lt_cv_prog_compiler_c_o=yes
lt_cv_prog_compiler_c_o_CXX=yes
lt_cv_prog_compiler_pic='-fPIC -DPIC'
lt_cv_prog_compiler_pic_CXX='-fPIC -DPIC'
lt_cv_prog_compiler_pic_works=yes
lt_cv_prog_compiler_pic_works_CXX=yes
lt_cv_prog_compiler_rtti_exceptions=no
lt_cv_prog_compiler_static_works=no
lt_cv_prog_compiler_static_works_CXX=no
lt_cv_prog_gnu_ld=yes
lt_cv_prog_gnu_ldcxx=yes
lt_cv_sharedlib_from_linklib_cmd='printf %s\n'
lt_cv_shlibpath_overrides_runpath=yes
lt_cv_sys_global_symbol_pipe='sed -n -e '\''s/^.*[	 ]\([ABCDGIRSTW][ABCDGIRSTW]*\)[	 ][	 ]*\([_A-Za-z][_A-Za-z0-9]*\)$/\1 \2 \2/p'\'' | sed '\''/ __gnu_lto/d'\'''
lt_cv_sys_global_symbol_to_c_name_address='sed -n -e '\''s/^: \([^ ]*\)[ ]*$/  {\"\1\", (void *) 0},/p'\'' -e '\''s/^[ABCDGIRSTW]* \([^ ]*\) \([^ ]*\)$/  {"\2", (void *) \&\2},/p'\'''
lt_cv_sys_global_symbol_to_c_name_address_lib_prefix='sed -n -e '\''s/^: \([^ ]*\)[ ]*$/  {\"\1\", (void *) 0},/p'\'' -e '\''s/^[ABCDGIRSTW]* \([^ ]*\) \(lib[^ ]*\)$/  {"\2", (void *) \&\2},/p'\'' -e '\''s/^[ABCDGIRSTW]* \([^ ]*\) \([^ ]*\)$/  {"lib\2", (void *) \&\2},/p'\'''
lt_cv_sys_global_symbol_to_cdecl='sed -n -e '\''s/^T .* \(.*\)$/extern int \1();/p'\'' -e '\''s/^[ABCDGIRSTW]* .* \(.*\)$/extern char \1;/p'\'''
lt_cv_sys_max_cmd_len=1572864
lt_cv_to_host_file_cmd=func_convert_file_noop
lt_cv_to_tool_file_cmd=func_convert_file_noop
mjt_cv_extern___progname=yes
pkg_cv_GTK_CFLAGS='-pthread -I/usr/include/gtk-2.0 -I/usr/lib64/gtk-2.0/include -I/usr/include/atk-1.0 -I/usr/include/cairo -I/usr/include/gdk-pixbuf-2.0 -I/usr/include/pango-1.0 -I/usr/include/glib-2.0 -I/usr/lib64/glib-2.0/include -I/usr/include/pixman-1 -I/usr/include/freetype2 -I/usr/include/libpng12 -I/usr/include/libpng14  '
pkg_cv_GTK_LIBS='-lgtk-x11-2.0 -lgdk-x11-2.0 -latk-1.0 -lgio-2.0 -lpangoft2-1.0 -lpangocairo-1.0 -lgdk_pixbuf-2.0 -lcairo -lpango-1.0 -lfreetype -lfontconfig -lgobject-2.0 -lglib-2.0  '
pkg_cv_LIBDV_CFLAGS='-I/inbound/fastmpeg/include  '
pkg_cv_LIBDV_LIBS='-L/inbound/fastmpeg/lib -ldv -lm  '
pkg_cv_LIBPNG_CFLAGS='-I/usr/include/libpng12  '
pkg_cv_LIBPNG_LIBS='-lpng12  '
pkg_cv_LIBQUICKTIME_CFLAGS='-I/inbound/fastmpeg/include/lqt  '
pkg_cv_LIBQUICKTIME_LIBS='-L/inbound/fastmpeg/lib -lquicktime -lpthread -lm -lz -ldl  '
pkg_cv_SDL_CFLAGS='-D_GNU_SOURCE=1 -D_REENTRANT -I/usr/include/SDL  '
pkg_cv_SDL_LIBS='-lSDL -lpthread  '

## ----------------- ##
## Output variables. ##
## ----------------- ##

ACLOCAL='${SHELL} /home/bernhard/download/cvs/mjpeg_play/missing --run aclocal-1.12'
ALTIVEC_EXTRA_LIBS=''
AMDEPBACKSLASH='\'
AMDEP_FALSE='#'
AMDEP_TRUE=''
AMTAR='$${TAR-tar}'
AR='ar'
AUTOCONF='${SHELL} /home/bernhard/download/cvs/mjpeg_play/missing --run autoconf'
AUTOHEADER='${SHELL} /home/bernhard/download/cvs/mjpeg_play/missing --run autoheader'
AUTOMAKE='${SHELL} /home/bernhard/download/cvs/mjpeg_play/missing --run automake-1.12'
AWK='gawk'
CC='gcc'
CCAS='gcc'
CCASDEPMODE='depmode=gcc3'
CCASFLAGS='-g -O2'
CCDEPMODE='depmode=gcc3'
CFLAGS='-march=barcelona -mtune=barcelona -g -O2 -pthread -Wall -Wunused'
CPP='gcc -E'
CPPFLAGS=''
CXX='g++'
CXXCPP='g++ -E'
CXXDEPMODE='depmode=gcc3'
CXXFLAGS='-march=barcelona -mtune=barcelona -g -O2 -pthread '
CYGPATH_W='echo'
DEFS='-DHAVE_CONFIG_H'
DEPDIR='.deps'
DLLTOOL='false'
DSYMUTIL=''
DUMPBIN=''
ECHO_C=''
ECHO_N='-n'
ECHO_T=''
EGREP='/usr/bin/grep -E'
EXEEXT=''
EXTRA_LDFLAGS=''
FGREP='/usr/bin/grep -F'
GREP='/usr/bin/grep'
GTK_CFLAGS='-pthread -I/usr/include/gtk-2.0 -I/usr/lib64/gtk-2.0/include -I/usr/include/atk-1.0 -I/usr/include/cairo -I/usr/include/gdk-pixbuf-2.0 -I/usr/include/pango-1.0 -I/usr/include/glib-2.0 -I/usr/lib64/glib-2.0/include -I/usr/include/pixman-1 -I/usr/include/freetype2 -I/usr/include/libpng12 -I/usr/include/libpng14  '
GTK_LIBS='-lgtk-x11-2.0 -lgdk-x11-2.0 -latk-1.0 -lgio-2.0 -lpangoft2-1.0 -lpangocairo-1.0 -lgdk_pixbuf-2.0 -lcairo -lpango-1.0 -lfreetype -lfontconfig -lgobject-2.0 -lglib-2.0  '
HAVE_ALTIVEC_FALSE=''
HAVE_ALTIVEC_TRUE='#'
HAVE_ASM_MMX_FALSE='#'
HAVE_ASM_MMX_TRUE=''
HAVE_GTK_FALSE='#'
HAVE_GTK_TRUE=''
HAVE_LIBPNG_FALSE='#'
HAVE_LIBPNG_TRUE=''
HAVE_LIBQUICKTIME_FALSE='#'
HAVE_LIBQUICKTIME_TRUE=''
HAVE_LIBXXF86DGA_FALSE='#'
HAVE_LIBXXF86DGA_TRUE=''
HAVE_PPCCPU_FALSE=''
HAVE_PPCCPU_TRUE='#'
HAVE_SDL_FALSE='#'
HAVE_SDL_TRUE=''
HAVE_SDLgfx_FALSE='#'
HAVE_SDLgfx_TRUE=''
HAVE_V4L_FALSE=''
HAVE_V4L_OR_SDL_FALSE='#'
HAVE_V4L_OR_SDL_TRUE=''
HAVE_V4L_TRUE='#'
HAVE_X86CPU_FALSE='#'
HAVE_X86CPU_TRUE=''
INSTALL_DATA='${INSTALL} -m 644'
INSTALL_PROGRAM='${INSTALL}'
INSTALL_SCRIPT='${INSTALL}'
INSTALL_STRIP_PROGRAM='$(install_sh) -c -s'
JPEG_CFLAGS=''
JPEG_LIBS='-ljpeg'
LD='/usr/x86_64-suse-linux/bin/ld -m elf_x86_64'
LDFLAGS=''
LIBDV_CFLAGS='-I/inbound/fastmpeg/include  '
LIBDV_LIBS='-L/inbound/fastmpeg/lib -ldv -lm  '
LIBGETOPT_LIB=''
LIBM_LIBS='-lm '
LIBOBJS=''
LIBPNG_CFLAGS='-I/usr/include/libpng12  '
LIBPNG_LIBS='-lpng12  '
LIBQUICKTIME_CFLAGS='-I/inbound/fastmpeg/include/lqt  '
LIBQUICKTIME_LIBS='-L/inbound/fastmpeg/lib -lquicktime -lpthread -lm -lz -ldl  '
LIBS='-lm '
LIBTOOL='$(SHELL) $(top_builddir)/libtool'
LIPO=''
LN_S='ln -s'
LTLIBOBJS=''
LT_AGE='1'
LT_CURRENT='1'
LT_RELEASE='2.0'
LT_REVISION='1'
LT_STATIC=''
MAINT='#'
MAINTAINER_MODE_FALSE=''
MAINTAINER_MODE_TRUE='#'
MAKEINFO='${SHELL} /home/bernhard/download/cvs/mjpeg_play/missing --run makeinfo'
MANIFEST_TOOL=':'
MKDIR_P='/usr/bin/mkdir -p'
NM='/usr/bin/nm -B'
NMEDIT=''
OBJDUMP='objdump'
OBJEXT='o'
OTOOL64=''
OTOOL=''
PACKAGE='mjpegtools'
PACKAGE_BUGREPORT='mjpeg-developer@lists.sourceforge.net'
PACKAGE_NAME='mjpegtools'
PACKAGE_STRING='mjpegtools 2.0.1'
PACKAGE_TARNAME='mjpegtools'
PACKAGE_URL=''
PACKAGE_VERSION='2.0.1'
PATH_SEPARATOR=':'
PKG_CONFIG='/usr/bin/pkg-config'
PKG_CONFIG_LIBDIR=''
PKG_CONFIG_PATH='/inbound/fastmpeg/lib/pkgconfig:/inbound/fastmpeg/lib/pkgconfig:'
PROGRAM_NOPIC='-fno-PIC'
PTHREAD_CC='gcc'
PTHREAD_CFLAGS='-pthread'
PTHREAD_LIBS=''
RANLIB='ranlib'
SDL_CFLAGS='-D_GNU_SOURCE=1 -D_REENTRANT -I/usr/include/SDL  '
SDL_LIBS='-lSDL -lpthread  '
SDLgfx_LIBS='-lSDL_gfx'
SED='/usr/bin/sed'
SET_MAKE=''
SHELL='/bin/sh'
STRIP='strip'
V4LCONF_LIBS=' -lXxf86dga'
VERSION='2.0.1'
XMKMF=''
X_CFLAGS=''
X_EXTRA_LIBS=''
X_LIBS=''
X_PRE_LIBS=' -lSM -lICE'
ac_ct_AR='ar'
ac_ct_CC='gcc'
ac_ct_CXX='g++'
ac_ct_DUMPBIN=''
acx_pthread_config=''
am__EXEEXT_FALSE=''
am__EXEEXT_TRUE='#'
am__fastdepCCAS_FALSE='#'
am__fastdepCCAS_TRUE=''
am__fastdepCC_FALSE='#'
am__fastdepCC_TRUE=''
am__fastdepCXX_FALSE='#'
am__fastdepCXX_TRUE=''
am__include='include'
am__isrc=''
am__leading_dot='.'
am__nodep='_no'
am__quote=''
am__tar='$${TAR-tar} chof - "$$tardir"'
am__untar='$${TAR-tar} xf -'
bindir='${exec_prefix}/bin'
build='x86_64-suse-linux-gnu'
build_alias=''
build_cpu='x86_64'
build_os='linux-gnu'
build_vendor='suse'
datadir='${datarootdir}'
datarootdir='${prefix}/share'
docdir='${datarootdir}/doc/${PACKAGE_TARNAME}'
dvidir='${docdir}'
exec_prefix='${prefix}'
host='x86_64-suse-linux-gnu'
host_alias=''
host_cpu='x86_64'
host_os='linux-gnu'
host_vendor='suse'
htmldir='${docdir}'
includedir='${prefix}/include'
infodir='${datarootdir}/info'
install_sh='${SHELL} /home/bernhard/download/cvs/mjpeg_play/install-sh'
libdir='${exec_prefix}/lib64'
libexecdir='${exec_prefix}/lib'
localedir='${datarootdir}/locale'
localstatedir='${prefix}/var'
mandir='${datarootdir}/man'
mkdir_p='/usr/bin/mkdir -p'
oldincludedir='/usr/include'
pdfdir='${docdir}'
prefix='/usr/local'
program_transform_name='s,x,x,'
psdir='${docdir}'
sbindir='${exec_prefix}/sbin'
sharedstatedir='${prefix}/com'
sysconfdir='${prefix}/etc'
target_alias=''

## ----------- ##
## confdefs.h. ##
## ----------- ##

/* confdefs.h */
#define PACKAGE_NAME "mjpegtools"
#define PACKAGE_TARNAME "mjpegtools"
#define PACKAGE_VERSION "2.0.1"
#define PACKAGE_STRING "mjpegtools 2.0.1"
#define PACKAGE_BUGREPORT "mjpeg-developer@lists.sourceforge.net"
#define PACKAGE_URL ""
#define PACKAGE "mjpegtools"
#define VERSION "2.0.1"
#define STDC_HEADERS 1
#define HAVE_SYS_TYPES_H 1
#define HAVE_SYS_STAT_H 1
#define HAVE_STDLIB_H 1
#define HAVE_STRING_H 1
#define HAVE_MEMORY_H 1
#define HAVE_STRINGS_H 1
#define HAVE_INTTYPES_H 1
#define HAVE_STDINT_H 1
#define HAVE_UNISTD_H 1
#define __EXTENSIONS__ 1
#define _ALL_SOURCE 1
#define _GNU_SOURCE 1
#define _POSIX_PTHREAD_SEMANTICS 1
#define _TANDEM_SOURCE 1
#define HAVE_DLFCN_H 1
#define LT_OBJDIR ".libs/"
#define HAVE_STDINT_H 1
#define HAVE_INTTYPES_H 1
#define HAVE_SYS_TYPES_H 1
#define HAVE_GETOPT_H 1
#define HAVE_MALLOC_H 1
#define HAVE_SYS_SOUNDCARD_H 1
#define HAVE_LIBM 1
#define HAVE_POSIX_MEMALIGN 1
#define HAVE_MEMALIGN 1
#define HAVE_FMAX 1
#define HAVE_FMIN 1
#define HAVE_LROUND 1
#define HAVE_GETOPT_LONG 1
#define RETSIGTYPE void
#define HAVE_PTHREAD 1
#define HAVE_PTHREADSTACKSIZE 1
#define HAVE_LIBQUICKTIME 1
#define HAVE_LIBDV 1
#define HAVE___PROGNAME 1
#define HAVE_LIBXXF86DGA 1
#define HAVE_SDL 1
#define HAVE_SDLgfx 1
#define HAVE_X86CPU 1
#define HAVE_ASM_MMX 1
#define MJPEGTOOLS 1

configure: exit 0
